e:\progect_pxs\hyperlpr\prj-win\prj-win\x64\debug\vc140.pdb
e:\progect_pxs\hyperlpr\prj-win\prj-win\x64\debug\vc140.idb
e:\progect_pxs\hyperlpr\prj-win\prj-win\x64\debug\cnnrecognizer.obj
e:\progect_pxs\hyperlpr\prj-win\prj-win\x64\debug\fastdeskew.obj
e:\progect_pxs\hyperlpr\prj-win\prj-win\x64\debug\finemapping.obj
e:\progect_pxs\hyperlpr\prj-win\prj-win\x64\debug\pipeline.obj
e:\progect_pxs\hyperlpr\prj-win\prj-win\x64\debug\platedetection.obj
e:\progect_pxs\hyperlpr\prj-win\prj-win\x64\debug\platesegmentation.obj
e:\progect_pxs\hyperlpr\prj-win\prj-win\x64\debug\recognizer.obj
e:\progect_pxs\hyperlpr\prj-win\prj-win\x64\debug\segmentationfreerecognizer.obj
e:\progect_pxs\hyperlpr\prj-win\prj-win\x64\debug\test_pipeline.obj
e:\progect_pxs\hyperlpr\prj-win\prj-win\x64\debug\demo.obj
e:\progect_pxs\hyperlpr\prj-win\prj-win\x64\debug\prj-win.tlog\cl.command.1.tlog
e:\progect_pxs\hyperlpr\prj-win\prj-win\x64\debug\prj-win.tlog\cl.read.1.tlog
e:\progect_pxs\hyperlpr\prj-win\prj-win\x64\debug\prj-win.tlog\cl.write.1.tlog
e:\progect_pxs\hyperlpr\prj-win\prj-win\x64\debug\prj-win.tlog\link.17132-cvtres.read.1.tlog
e:\progect_pxs\hyperlpr\prj-win\prj-win\x64\debug\prj-win.tlog\link.17132-cvtres.write.1.tlog
e:\progect_pxs\hyperlpr\prj-win\prj-win\x64\debug\prj-win.tlog\link.17132-rc.read.1.tlog
e:\progect_pxs\hyperlpr\prj-win\prj-win\x64\debug\prj-win.tlog\link.17132-rc.write.1.tlog
e:\progect_pxs\hyperlpr\prj-win\prj-win\x64\debug\prj-win.tlog\link.17132.read.1.tlog
e:\progect_pxs\hyperlpr\prj-win\prj-win\x64\debug\prj-win.tlog\link.17132.write.1.tlog
e:\progect_pxs\hyperlpr\prj-win\prj-win\x64\debug\prj-win.tlog\link.command.1.tlog
e:\progect_pxs\hyperlpr\prj-win\prj-win\x64\debug\prj-win.tlog\link.read.1.tlog
e:\progect_pxs\hyperlpr\prj-win\prj-win\x64\debug\prj-win.tlog\link.write.1.tlog
